<?xml version="1.0" encoding="UTF-8"?>
<!-- Generated by org.testng.reporters.JUnitXMLReporter -->
<testsuite hostname="DESKTOP-VQ20SMP" name="Workflow Test for all forms" tests="12" failures="1" timestamp="30 Jul 2018 04:54:43 GMT" time="257.82" errors="0">
  <testcase name="TestWorkflowForWorking" time="20.437" classname="com.TestCases.WorkflowTest_ServicesWar"/>
  <testcase name="TestWorkflowForWorking" time="21.976" classname="com.TestCases.WorkflowTest_ServicesWar"/>
  <testcase name="TestWorkflowForWorking" time="16.926" classname="com.TestCases.WorkflowTest_ServicesWar">
    <failure type="org.openqa.selenium.UnhandledAlertException" message="unexpected alert open: {Alert text : Form Type is mandatory}
  (Session info: chrome=67.0.3396.99)
  (Driver info: chromedriver=2.40.565498 (ea082db3280dd6843ebfb08a625e3eb905c4f5ab),platform=Windows NT 10.0.17134 x86_64) (WARNING: The server did not provide any stacktrace information)
Command duration or timeout: 0 milliseconds: null
Build info: version: &amp;apos;3.12.0&amp;apos;, revision: &amp;apos;7c6e0b3&amp;apos;, time: &amp;apos;2018-05-08T14:04:26.12Z&amp;apos;
System info: host: &amp;apos;DESKTOP-VQ20SMP&amp;apos;, ip: &amp;apos;10.25.97.226&amp;apos;, os.name: &amp;apos;Windows 10&amp;apos;, os.arch: &amp;apos;amd64&amp;apos;, os.version: &amp;apos;10.0&amp;apos;, java.version: &amp;apos;1.8.0_181&amp;apos;
Driver info: org.openqa.selenium.chrome.ChromeDriver
Capabilities {acceptInsecureCerts: false, acceptSslCerts: false, applicationCacheEnabled: false, browserConnectionEnabled: false, browserName: chrome, chrome: {chromedriverVersion: 2.40.565498 (ea082db3280dd6..., userDataDir: C:\Users\HP\AppData\Local\T...}, cssSelectorsEnabled: true, databaseEnabled: false, handlesAlerts: true, hasTouchScreen: false, javascriptEnabled: true, locationContextEnabled: true, mobileEmulationEnabled: false, nativeEvents: true, networkConnectionEnabled: false, pageLoadStrategy: normal, platform: XP, platformName: XP, rotatable: false, setWindowRect: true, takesHeapSnapshot: true, takesScreenshot: true, unexpectedAlertBehaviour: , unhandledPromptBehavior: , version: 67.0.3396.99, webStorageEnabled: true}
Session ID: 25521d3bc1d04b99c5842cb87c210297
*** Element info: {Using=xpath, value=.//*[@id=&amp;apos;select2-workFlowStandardEmployeeDataID_2-container&amp;apos;]}">
      <![CDATA[org.openqa.selenium.UnhandledAlertException: unexpected alert open: {Alert text : Form Type is mandatory}
  (Session info: chrome=67.0.3396.99)
  (Driver info: chromedriver=2.40.565498 (ea082db3280dd6843ebfb08a625e3eb905c4f5ab),platform=Windows NT 10.0.17134 x86_64) (WARNING: The server did not provide any stacktrace information)
Command duration or timeout: 0 milliseconds: null
Build info: version: '3.12.0', revision: '7c6e0b3', time: '2018-05-08T14:04:26.12Z'
System info: host: 'DESKTOP-VQ20SMP', ip: '10.25.97.226', os.name: 'Windows 10', os.arch: 'amd64', os.version: '10.0', java.version: '1.8.0_181'
Driver info: org.openqa.selenium.chrome.ChromeDriver
Capabilities {acceptInsecureCerts: false, acceptSslCerts: false, applicationCacheEnabled: false, browserConnectionEnabled: false, browserName: chrome, chrome: {chromedriverVersion: 2.40.565498 (ea082db3280dd6..., userDataDir: C:\Users\HP\AppData\Local\T...}, cssSelectorsEnabled: true, databaseEnabled: false, handlesAlerts: true, hasTouchScreen: false, javascriptEnabled: true, locationContextEnabled: true, mobileEmulationEnabled: false, nativeEvents: true, networkConnectionEnabled: false, pageLoadStrategy: normal, platform: XP, platformName: XP, rotatable: false, setWindowRect: true, takesHeapSnapshot: true, takesScreenshot: true, unexpectedAlertBehaviour: , unhandledPromptBehavior: , version: 67.0.3396.99, webStorageEnabled: true}
Session ID: 25521d3bc1d04b99c5842cb87c210297
*** Element info: {Using=xpath, value=.//*[@id='select2-workFlowStandardEmployeeDataID_2-container']}
	at org.openqa.selenium.remote.ErrorHandler.createThrowable(ErrorHandler.java:214)
	at org.openqa.selenium.remote.ErrorHandler.throwIfResponseFailed(ErrorHandler.java:172)
	at org.openqa.selenium.remote.http.JsonHttpResponseCodec.reconstructValue(JsonHttpResponseCodec.java:40)
	at org.openqa.selenium.remote.http.AbstractHttpResponseCodec.decode(AbstractHttpResponseCodec.java:80)
	at org.openqa.selenium.remote.http.AbstractHttpResponseCodec.decode(AbstractHttpResponseCodec.java:44)
	at org.openqa.selenium.remote.HttpCommandExecutor.execute(HttpCommandExecutor.java:158)
	at org.openqa.selenium.remote.service.DriverCommandExecutor.execute(DriverCommandExecutor.java:83)
	at org.openqa.selenium.remote.RemoteWebDriver.execute(RemoteWebDriver.java:543)
	at org.openqa.selenium.remote.RemoteWebDriver.findElement(RemoteWebDriver.java:317)
	at org.openqa.selenium.remote.RemoteWebDriver.findElementByXPath(RemoteWebDriver.java:419)
	at org.openqa.selenium.By$ByXPath.findElement(By.java:353)
	at org.openqa.selenium.remote.RemoteWebDriver.findElement(RemoteWebDriver.java:309)
	at org.openqa.selenium.support.events.EventFiringWebDriver.lambda$new$1(EventFiringWebDriver.java:103)
	at com.sun.proxy.$Proxy8.findElement(Unknown Source)
	at org.openqa.selenium.support.events.EventFiringWebDriver.findElement(EventFiringWebDriver.java:186)
	at org.openqa.selenium.support.pagefactory.DefaultElementLocator.findElement(DefaultElementLocator.java:69)
	at org.openqa.selenium.support.pagefactory.internal.LocatingElementHandler.invoke(LocatingElementHandler.java:38)
	at com.sun.proxy.$Proxy12.click(Unknown Source)
	at com.pages.DefineWorkflowPage.SelectLevel_2Authority(DefineWorkflowPage.java:130)
	at com.TestCases.WorkflowTest_ServicesWar.TestWorkflowForWorking(WorkflowTest_ServicesWar.java:92)
... Removed 31 stack frames]]>
    </failure>
  </testcase> <!-- TestWorkflowForWorking -->
  <testcase name="TestWorkflowForNRC" time="17.071" classname="com.TestCases.WorkflowTest_ServicesWar"/>
  <testcase name="TestWorkflowForNRC" time="17.719" classname="com.TestCases.WorkflowTest_ServicesWar"/>
  <testcase name="TestWorkflowForNRC" time="15.72" classname="com.TestCases.WorkflowTest_ServicesWar"/>
  <testcase name="TestWorkflowForLeave" time="16.135" classname="com.TestCases.WorkflowTest_ServicesWar"/>
  <testcase name="TestWorkflowForLeave" time="16.698" classname="com.TestCases.WorkflowTest_ServicesWar"/>
  <testcase name="TestWorkflowForLeave" time="15.182" classname="com.TestCases.WorkflowTest_ServicesWar"/>
  <testcase name="TestWorkflowForTraining" time="16.148" classname="com.TestCases.WorkflowTest_ServicesWar"/>
  <testcase name="TestWorkflowForTraining" time="16.68" classname="com.TestCases.WorkflowTest_ServicesWar"/>
  <testcase name="TestWorkflowForTraining" time="15.498" classname="com.TestCases.WorkflowTest_ServicesWar"/>
</testsuite> <!-- Workflow Test for all forms -->
